# JRE version: OpenJDK Runtime Environment (11.0.2+9) (build 11.0.2+9)
# Java VM: OpenJDK 64-Bit Server VM (11.0.2+9, mixed mode, tiered, compressed oops, g1 gc, windows-amd64)
Heap:
 garbage-first heap   total 86016K, used 33651K [0x0000000082000000, 0x0000000100000000)
  region size 1024K, 2 young (2048K), 1 survivors (1024K)
 Metaspace       used 20819K, capacity 22136K, committed 22272K, reserved 1069056K
  class space    used 2025K, capacity 2525K, committed 2560K, reserved 1048576K
GC Heap History (10 events):
Event: 1371.227 GC heap before
{Heap before GC invocations=1175 (full 64):
 garbage-first heap   total 86016K, used 36111K [0x0000000082000000, 0x0000000100000000)
  region size 1024K, 2 young (2048K), 1 survivors (1024K)
 Metaspace       used 20819K, capacity 22136K, committed 22272K, reserved 1069056K
  class space    used 2025K, capacity 2525K, committed 2560K, reserved 1048576K
}
Event: 1371.228 GC heap after
{Heap after GC invocations=1176 (full 64):
 garbage-first heap   total 86016K, used 23827K [0x0000000082000000, 0x0000000100000000)
  region size 1024K, 1 young (1024K), 1 survivors (1024K)
 Metaspace       used 20819K, capacity 22136K, committed 22272K, reserved 1069056K
  class space    used 2025K, capacity 2525K, committed 2560K, reserved 1048576K
}
Event: 1371.643 GC heap before
{Heap before GC invocations=1177 (full 64):
 garbage-first heap   total 86016K, used 37139K [0x0000000082000000, 0x0000000100000000)
  region size 1024K, 3 young (3072K), 1 survivors (1024K)
 Metaspace       used 20819K, capacity 22136K, committed 22272K, reserved 1069056K
  class space    used 2025K, capacity 2525K, committed 2560K, reserved 1048576K
}
Event: 1371.646 GC heap after
{Heap after GC invocations=1178 (full 64):
 garbage-first heap   total 86016K, used 23410K [0x0000000082000000, 0x0000000100000000)
  region size 1024K, 1 young (1024K), 1 survivors (1024K)
 Metaspace       used 20819K, capacity 22136K, committed 22272K, reserved 1069056K
  class space    used 2025K, capacity 2525K, committed 2560K, reserved 1048576K
}
Event: 1372.139 GC heap before
{Heap before GC invocations=1179 (full 64):
 garbage-first heap   total 86016K, used 35698K [0x0000000082000000, 0x0000000100000000)
  region size 1024K, 2 young (2048K), 1 survivors (1024K)
 Metaspace       used 20819K, capacity 22136K, committed 22272K, reserved 1069056K
  class space    used 2025K, capacity 2525K, committed 2560K, reserved 1048576K
}
Event: 1372.139 GC heap after
{Heap after GC invocations=1180 (full 64):
 garbage-first heap   total 86016K, used 23412K [0x0000000082000000, 0x0000000100000000)
  region size 1024K, 1 young (1024K), 1 survivors (1024K)
 Metaspace       used 20819K, capacity 22136K, committed 22272K, reserved 1069056K
  class space    used 2025K, capacity 2525K, committed 2560K, reserved 1048576K
}
Event: 1372.554 GC heap before
{Heap before GC invocations=1181 (full 64):
 garbage-first heap   total 86016K, used 35700K [0x0000000082000000, 0x0000000100000000)
  region size 1024K, 2 young (2048K), 1 survivors (1024K)
 Metaspace       used 20819K, capacity 22136K, committed 22272K, reserved 1069056K
  class space    used 2025K, capacity 2525K, committed 2560K, reserved 1048576K
}
Event: 1372.555 GC heap after
{Heap after GC invocations=1182 (full 64):
 garbage-first heap   total 86016K, used 23412K [0x0000000082000000, 0x0000000100000000)
  region size 1024K, 1 young (1024K), 1 survivors (1024K)
 Metaspace       used 20819K, capacity 22136K, committed 22272K, reserved 1069056K
  class space    used 2025K, capacity 2525K, committed 2560K, reserved 1048576K
}
Event: 1372.970 GC heap before
{Heap before GC invocations=1183 (full 64):
 garbage-first heap   total 86016K, used 35700K [0x0000000082000000, 0x0000000100000000)
  region size 1024K, 2 young (2048K), 1 survivors (1024K)
 Metaspace       used 20819K, capacity 22136K, committed 22272K, reserved 1069056K
  class space    used 2025K, capacity 2525K, committed 2560K, reserved 1048576K
}
Event: 1372.971 GC heap after
{Heap after GC invocations=1184 (full 64):
 garbage-first heap   total 86016K, used 23411K [0x0000000082000000, 0x0000000100000000)
  region size 1024K, 1 young (1024K), 1 survivors (1024K)
 Metaspace       used 20819K, capacity 22136K, committed 22272K, reserved 1069056K
  class space    used 2025K, capacity 2525K, committed 2560K, reserved 1048576K
}

